{"ts":1741603079876,"action":"PROJECT_OPENED","tags":{"PROJECT_NAME":"DistributionModelllingAndAnalysisEd5"}}
{"ts":1741603080491,"action":"FILE_OPENED","file":"/README.md","tags":{"FILE_LINE_OF_CODE":"7"}}
{"ts":1741603099160,"action":"IDE_DEACTIVATED"}
{"ts":1741604211736,"action":"IDE_ACTIVATED"}
{"ts":1741604215392,"action":"IDE_DEACTIVATED"}
{"ts":1741604215503,"action":"PROJECT_CLOSED","tags":{"PROJECT_NAME":"DistributionModelllingAndAnalysisEd5"}}
{"ts":1741775473341,"action":"FILE_OPENED","file":"/README.md","tags":{"FILE_LINE_OF_CODE":"7"}}
{"ts":1741775473263,"action":"PROJECT_OPENED","tags":{"PROJECT_NAME":"DistributionModelllingAndAnalysisEd5"}}
{"ts":1741775555583,"action":"IDE_DEACTIVATED"}
{"ts":1741775580844,"action":"IDE_ACTIVATED"}
{"ts":1741775594052,"action":"IDE_DEACTIVATED"}
{"ts":1741775626430,"action":"IDE_ACTIVATED"}
{"ts":1741775684643,"action":"IDE_DEACTIVATED"}
{"ts":1741775711237,"action":"IDE_ACTIVATED"}
{"ts":1741775714355,"action":"IDE_DEACTIVATED"}
{"ts":1741775784677,"action":"IDE_ACTIVATED"}
{"ts":1741776628207,"action":"IDE_DEACTIVATED"}
{"ts":1741778007720,"action":"IDE_ACTIVATED"}
{"ts":1741778027240,"action":"IDE_DEACTIVATED"}
{"ts":1741778032184,"action":"IDE_ACTIVATED"}
{"ts":1741778033554,"action":"IDE_DEACTIVATED"}
{"ts":1741779026998,"action":"IDE_ACTIVATED"}
{"ts":1741779030486,"action":"IDE_DEACTIVATED"}
{"ts":1741798256558,"action":"IDE_ACTIVATED"}
{"ts":1741798259353,"action":"IDE_DEACTIVATED"}
{"ts":1741798268443,"action":"IDE_ACTIVATED"}
{"ts":1741798276943,"action":"IDE_DEACTIVATED"}
{"ts":1741972526300,"action":"IDE_ACTIVATED"}
{"ts":1741972528830,"action":"IDE_DEACTIVATED"}
{"ts":1747237537415,"action":"FILE_OPENED","file":"/README.md","tags":{"FILE_LINE_OF_CODE":"7"}}
{"ts":1747237537328,"action":"PROJECT_OPENED","tags":{"PROJECT_NAME":"DistributionModelllingAndAnalysisEd5"}}
{"ts":1747237539777,"action":"IDE_DEACTIVATED"}
{"ts":1747237605774,"action":"IDE_ACTIVATED"}
{"ts":1747237842083,"action":"IDE_DEACTIVATED"}
{"ts":1747237845907,"action":"IDE_ACTIVATED"}
{"ts":1747237877346,"action":"IDE_DEACTIVATED"}
{"ts":1747237931870,"action":"IDE_ACTIVATED"}
{"ts":1747238322048,"action":"IDE_DEACTIVATED"}
{"ts":1747411544638,"action":"IDE_ACTIVATED"}
{"ts":1747411545849,"action":"IDE_DEACTIVATED"}
{"ts":1747763864044,"action":"IDE_ACTIVATED"}
{"ts":1747763866714,"action":"IDE_DEACTIVATED"}
{"ts":1747995298857,"action":"IDE_ACTIVATED"}
{"ts":1747995303641,"action":"IDE_DEACTIVATED"}
{"ts":1747995331176,"action":"IDE_ACTIVATED"}
{"ts":1747995332148,"action":"IDE_DEACTIVATED"}
{"ts":1747995333991,"action":"IDE_ACTIVATED"}
{"ts":1747995334680,"action":"IDE_DEACTIVATED"}
{"ts":1747995338182,"action":"IDE_ACTIVATED"}
{"ts":1747995347759,"action":"PROJECT_CLOSED","tags":{"PROJECT_NAME":"DistributionModelllingAndAnalysisEd5"}}
